# JRE version: Java(TM) SE Runtime Environment (8.0_131-b11) (build 1.8.0_131-b11)
# Java VM: Java HotSpot(TM) 64-Bit Server VM (25.131-b11 mixed mode linux-amd64 compressed oops)
Heap:
 PSYoungGen      total 434176K, used 43375K [0x00000000d6f00000, 0x00000000ff200000, 0x0000000100000000)
  eden space 224256K, 19% used [0x00000000d6f00000,0x00000000d995bc88,0x00000000e4a00000)
  from space 209920K, 0% used [0x00000000f2500000,0x00000000f2500000,0x00000000ff200000)
  to   space 217088K, 0% used [0x00000000e4a00000,0x00000000e4a00000,0x00000000f1e00000)
 ParOldGen       total 1346560K, used 1201465K [0x0000000084c00000, 0x00000000d6f00000, 0x00000000d6f00000)
  object space 1346560K, 89% used [0x0000000084c00000,0x00000000ce14e420,0x00000000d6f00000)
 Metaspace       used 22440K, capacity 23732K, committed 23936K, reserved 1069056K
  class space    used 3070K, capacity 3359K, committed 3456K, reserved 1048576K
GC Heap History (10 events):
Event: 337.609 GC heap before
{Heap before GC invocations=30 (full 7):
 PSYoungGen      total 448512K, used 137568K [0x00000000d6f00000, 0x0000000100000000, 0x0000000100000000)
  eden space 224256K, 0% used [0x00000000d6f00000,0x00000000d6f00000,0x00000000e4a00000)
  from space 224256K, 61% used [0x00000000e4a00000,0x00000000ed058000,0x00000000f2500000)
  to   space 224256K, 0% used [0x00000000f2500000,0x00000000f2500000,0x0000000100000000)
 ParOldGen       total 967680K, used 873068K [0x0000000084c00000, 0x00000000bfd00000, 0x00000000d6f00000)
  object space 967680K, 90% used [0x0000000084c00000,0x00000000ba09b200,0x00000000bfd00000)
 Metaspace       used 21353K, capacity 22428K, committed 22656K, reserved 1069056K
  class space    used 2846K, capacity 3093K, committed 3200K, reserved 1048576K
Event: 338.665 GC heap after
Heap after GC invocations=30 (full 7):
 PSYoungGen      total 448512K, used 29950K [0x00000000d6f00000, 0x0000000100000000, 0x0000000100000000)
  eden space 224256K, 0% used [0x00000000d6f00000,0x00000000d6f00000,0x00000000e4a00000)
  from space 224256K, 13% used [0x00000000e4a00000,0x00000000e673fac8,0x00000000f2500000)
  to   space 224256K, 0% used [0x00000000f2500000,0x00000000f2500000,0x0000000100000000)
 ParOldGen       total 1256448K, used 967365K [0x0000000084c00000, 0x00000000d1700000, 0x00000000d6f00000)
  object space 1256448K, 76% used [0x0000000084c00000,0x00000000bfcb1698,0x00000000d1700000)
 Metaspace       used 21353K, capacity 22428K, committed 22656K, reserved 1069056K
  class space    used 2846K, capacity 3093K, committed 3200K, reserved 1048576K
}
Event: 339.142 GC heap before
{Heap before GC invocations=31 (full 7):
 PSYoungGen      total 448512K, used 254206K [0x00000000d6f00000, 0x0000000100000000, 0x0000000100000000)
  eden space 224256K, 100% used [0x00000000d6f00000,0x00000000e4a00000,0x00000000e4a00000)
  from space 224256K, 13% used [0x00000000e4a00000,0x00000000e673fac8,0x00000000f2500000)
  to   space 224256K, 0% used [0x00000000f2500000,0x00000000f2500000,0x0000000100000000)
 ParOldGen       total 1256448K, used 967366K [0x0000000084c00000, 0x00000000d1700000, 0x00000000d6f00000)
  object space 1256448K, 76% used [0x0000000084c00000,0x00000000bfcb19d8,0x00000000d1700000)
 Metaspace       used 21372K, capacity 22492K, committed 22656K, reserved 1069056K
  class space    used 2846K, capacity 3093K, committed 3200K, reserved 1048576K
Event: 339.284 GC heap after
Heap after GC invocations=31 (full 7):
 PSYoungGen      total 448512K, used 69440K [0x00000000d6f00000, 0x0000000100000000, 0x0000000100000000)
  eden space 224256K, 0% used [0x00000000d6f00000,0x00000000d6f00000,0x00000000e4a00000)
  from space 224256K, 30% used [0x00000000f2500000,0x00000000f68d0000,0x0000000100000000)
  to   space 224256K, 0% used [0x00000000e4a00000,0x00000000e4a00000,0x00000000f2500000)
 ParOldGen       total 1256448K, used 997556K [0x0000000084c00000, 0x00000000d1700000, 0x00000000d6f00000)
  object space 1256448K, 79% used [0x0000000084c00000,0x00000000c1a2d0b8,0x00000000d1700000)
 Metaspace       used 21372K, capacity 22492K, committed 22656K, reserved 1069056K
  class space    used 2846K, capacity 3093K, committed 3200K, reserved 1048576K
}
Event: 339.754 GC heap before
{Heap before GC invocations=32 (full 7):
 PSYoungGen      total 448512K, used 293696K [0x00000000d6f00000, 0x0000000100000000, 0x0000000100000000)
  eden space 224256K, 100% used [0x00000000d6f00000,0x00000000e4a00000,0x00000000e4a00000)
  from space 224256K, 30% used [0x00000000f2500000,0x00000000f68d0000,0x0000000100000000)
  to   space 224256K, 0% used [0x00000000e4a00000,0x00000000e4a00000,0x00000000f2500000)
 ParOldGen       total 1256448K, used 997557K [0x0000000084c00000, 0x00000000d1700000, 0x00000000d6f00000)
  object space 1256448K, 79% used [0x0000000084c00000,0x00000000c1a2d580,0x00000000d1700000)
 Metaspace       used 21373K, capacity 22492K, committed 22656K, reserved 1069056K
  class space    used 2846K, capacity 3093K, committed 3200K, reserved 1048576K
Event: 339.828 GC heap after
Heap after GC invocations=32 (full 7):
 PSYoungGen      total 448512K, used 69952K [0x00000000d6f00000, 0x0000000100000000, 0x0000000100000000)
  eden space 224256K, 0% used [0x00000000d6f00000,0x00000000d6f00000,0x00000000e4a00000)
  from space 224256K, 31% used [0x00000000e4a00000,0x00000000e8e50000,0x00000000f2500000)
  to   space 224256K, 0% used [0x00000000f2500000,0x00000000f2500000,0x0000000100000000)
 ParOldGen       total 1256448K, used 1064337K [0x0000000084c00000, 0x00000000d1700000, 0x00000000d6f00000)
  object space 1256448K, 84% used [0x0000000084c00000,0x00000000c5b647e0,0x00000000d1700000)
 Metaspace       used 21373K, capacity 22492K, committed 22656K, reserved 1069056K
  class space    used 2846K, capacity 3093K, committed 3200K, reserved 1048576K
}
Event: 340.243 GC heap before
{Heap before GC invocations=33 (full 7):
 PSYoungGen      total 448512K, used 294208K [0x00000000d6f00000, 0x0000000100000000, 0x0000000100000000)
  eden space 224256K, 100% used [0x00000000d6f00000,0x00000000e4a00000,0x00000000e4a00000)
  from space 224256K, 31% used [0x00000000e4a00000,0x00000000e8e50000,0x00000000f2500000)
  to   space 224256K, 0% used [0x00000000f2500000,0x00000000f2500000,0x0000000100000000)
 ParOldGen       total 1256448K, used 1064342K [0x0000000084c00000, 0x00000000d1700000, 0x00000000d6f00000)
  object space 1256448K, 84% used [0x0000000084c00000,0x00000000c5b658e0,0x00000000d1700000)
 Metaspace       used 21376K, capacity 22492K, committed 22656K, reserved 1069056K
  class space    used 2846K, capacity 3093K, committed 3200K, reserved 1048576K
Event: 340.318 GC heap after
Heap after GC invocations=33 (full 7):
 PSYoungGen      total 434176K, used 71840K [0x00000000d6f00000, 0x00000000ff200000, 0x0000000100000000)
  eden space 224256K, 0% used [0x00000000d6f00000,0x00000000d6f00000,0x00000000e4a00000)
  from space 209920K, 34% used [0x00000000f2500000,0x00000000f6b28000,0x00000000ff200000)
  to   space 217088K, 0% used [0x00000000e4a00000,0x00000000e4a00000,0x00000000f1e00000)
 ParOldGen       total 1256448K, used 1131623K [0x0000000084c00000, 0x00000000d1700000, 0x00000000d6f00000)
  object space 1256448K, 90% used [0x0000000084c00000,0x00000000c9d19fd0,0x00000000d1700000)
 Metaspace       used 21376K, capacity 22492K, committed 22656K, reserved 1069056K
  class space    used 2846K, capacity 3093K, committed 3200K, reserved 1048576K
}
Event: 340.318 GC heap before
{Heap before GC invocations=34 (full 8):
 PSYoungGen      total 434176K, used 71840K [0x00000000d6f00000, 0x00000000ff200000, 0x0000000100000000)
  eden space 224256K, 0% used [0x00000000d6f00000,0x00000000d6f00000,0x00000000e4a00000)
  from space 209920K, 34% used [0x00000000f2500000,0x00000000f6b28000,0x00000000ff200000)
  to   space 217088K, 0% used [0x00000000e4a00000,0x00000000e4a00000,0x00000000f1e00000)
 ParOldGen       total 1256448K, used 1131623K [0x0000000084c00000, 0x00000000d1700000, 0x00000000d6f00000)
  object space 1256448K, 90% used [0x0000000084c00000,0x00000000c9d19fd0,0x00000000d1700000)
 Metaspace       used 21376K, capacity 22492K, committed 22656K, reserved 1069056K
  class space    used 2846K, capacity 3093K, committed 3200K, reserved 1048576K
Event: 341.331 GC heap after
Heap after GC invocations=34 (full 8):
 PSYoungGen      total 434176K, used 0K [0x00000000d6f00000, 0x00000000ff200000, 0x0000000100000000)
  eden space 224256K, 0% used [0x00000000d6f00000,0x00000000d6f00000,0x00000000e4a00000)
  from space 209920K, 0% used [0x00000000f2500000,0x00000000f2500000,0x00000000ff200000)
  to   space 217088K, 0% used [0x00000000e4a00000,0x00000000e4a00000,0x00000000f1e00000)
 ParOldGen       total 1346560K, used 1201465K [0x0000000084c00000, 0x00000000d6f00000, 0x00000000d6f00000)
  object space 1346560K, 89% used [0x0000000084c00000,0x00000000ce14e420,0x00000000d6f00000)
 Metaspace       used 21376K, capacity 22492K, committed 22656K, reserved 1069056K
  class space    used 2846K, capacity 3093K, committed 3200K, reserved 1048576K
}

